BroadcastReceiver3/app/build/outputs/logs/manifest-merger-debug-report.txt
-- Merging decision tree log ---
manifest
ADDED from src\main\AndroidManifest.xml:2:1-48:12
	xmlns:android
		ADDED from src\main\AndroidManifest.xml:2:11-69
	package
		ADDED from src\main\AndroidManifest.xml:3:7-49
		INJECTED from src\main\AndroidManifest.xml
		INJECTED from src\main\AndroidManifest.xml
	android:versionName
		ADDED from src\main\AndroidManifest.xml:5:7-32
		INJECTED from src\main\AndroidManifest.xml
		INJECTED from src\main\AndroidManifest.xml
	android:versionCode
		ADDED from src\main\AndroidManifest.xml:4:7-30
		INJECTED from src\main\AndroidManifest.xml
		INJECTED from src\main\AndroidManifest.xml
application
ADDED from src\main\AndroidManifest.xml:8:5-47:19
	android:label
		ADDED from src\main\AndroidManifest.xml:8:18-50
	android:icon
		ADDED from src\main\AndroidManifest.xml:8:51-87
activity#edu.uic.cs478.BroadcastReceiver3.MainActivity
ADDED from src\main\AndroidManifest.xml:10:9-16:20
	android:label
		ADDED from src\main\AndroidManifest.xml:11:19-51
	android:name
		ADDED from src\main\AndroidManifest.xml:10:19-46
intent-filter#android.intent.action.MAIN+android.intent.category.LAUNCHER
ADDED from src\main\AndroidManifest.xml:12:13-15:29
action#android.intent.action.MAIN
ADDED from src\main\AndroidManifest.xml:13:17-69
	android:name
		ADDED from src\main\AndroidManifest.xml:13:25-66
category#android.intent.category.LAUNCHER
ADDED from src\main\AndroidManifest.xml:14:17-77
	android:name
		ADDED from src\main\AndroidManifest.xml:14:27-74
receiver#edu.uic.cs478.BroadcastReceiver3.MyReceiver
ADDED from src\main\AndroidManifest.xml:17:9-26:20
	android:label
		ADDED from src\main\AndroidManifest.xml:18:13-39
	android:exported
		ADDED from src\main\AndroidManifest.xml:21:13-36
	android:enabled
		ADDED from src\main\AndroidManifest.xml:19:13-35
	android:name
		ADDED from src\main\AndroidManifest.xml:20:13-38
intent-filter#edu.uic.cs478.BroadcastReceiver3.showToast
ADDED from src\main\AndroidManifest.xml:22:13-25:29
	android:priority
		ADDED from src\main\AndroidManifest.xml:22:28-48
action#edu.uic.cs478.BroadcastReceiver3.showToast
ADDED from src\main\AndroidManifest.xml:23:17-24:26
	android:name
		ADDED from src\main\AndroidManifest.xml:23:25-82
receiver#edu.uic.cs478.BroadcastReceiver3.MyReceiver2
ADDED from src\main\AndroidManifest.xml:27:9-36:20
	android:label
		ADDED from src\main\AndroidManifest.xml:28:13-40
	android:exported
		ADDED from src\main\AndroidManifest.xml:31:13-36
	android:enabled
		ADDED from src\main\AndroidManifest.xml:29:13-35
	android:name
		ADDED from src\main\AndroidManifest.xml:30:13-39
receiver#edu.uic.cs478.BroadcastReceiver3.MyReceiver3
ADDED from src\main\AndroidManifest.xml:37:9-46:20
	android:label
		ADDED from src\main\AndroidManifest.xml:38:13-40
	android:exported
		ADDED from src\main\AndroidManifest.xml:41:13-36
	android:enabled
		ADDED from src\main\AndroidManifest.xml:39:13-35
	android:name
		ADDED from src\main\AndroidManifest.xml:40:13-39